<?xml version="1.0" encoding="UTF-8"?>
<testng-results ignored="0" total="1" passed="1" failed="0" skipped="0">
  <reporter-output>
  </reporter-output>
  <suite started-at="2022-10-03T15:51:17 WIB" name="Test Suites MVP3" finished-at="2022-10-03T15:51:23 WIB" duration-ms="5841">
    <groups>
    </groups>
    <test started-at="2022-10-03T15:51:17 WIB" name="Input Data" finished-at="2022-10-03T15:51:23 WIB" duration-ms="5841">
      <class name="tests.Login">
        <test-method is-config="true" signature="setUp()[pri:0, instance:tests.Login@63021689]" started-at="2022-10-03T15:51:18 WIB" name="setUp" finished-at="2022-10-03T15:51:23 WIB" duration-ms="4965" status="PASS">
          <reporter-output>
          </reporter-output>
        </test-method> <!-- setUp -->
        <test-method signature="login()[pri:0, instance:tests.Login@63021689]" started-at="2022-10-03T15:51:23 WIB" name="login" finished-at="2022-10-03T15:51:23 WIB" duration-ms="568" status="PASS">
          <reporter-output>
          </reporter-output>
        </test-method> <!-- login -->
        <test-method is-config="true" signature="getResult()[pri:0, instance:tests.Login@63021689]" started-at="2022-10-03T15:51:23 WIB" name="getResult" finished-at="2022-10-03T15:51:23 WIB" duration-ms="1" status="PASS">
          <reporter-output>
          </reporter-output>
        </test-method> <!-- getResult -->
        <test-method is-config="true" signature="tearDown()[pri:0, instance:tests.Login@63021689]" started-at="2022-10-03T15:51:23 WIB" name="tearDown" finished-at="2022-10-03T15:51:23 WIB" duration-ms="251" status="PASS">
          <reporter-output>
          </reporter-output>
        </test-method> <!-- tearDown -->
      </class> <!-- tests.Login -->
    </test> <!-- Input Data -->
  </suite> <!-- Test Suites MVP3 -->
</testng-results>
